-- The C compiler identification is GNU 11.4.0
-- The CXX compiler identification is GNU 11.4.0
-- Detecting C compiler ABI info
-- Detecting C compiler ABI info - done
-- Check for working C compiler: /usr/bin/cc - skipped
-- Detecting C compile features
-- Detecting C compile features - done
-- Detecting CXX compiler ABI info
-- Detecting CXX compiler ABI info - done
-- Check for working CXX compiler: /usr/bin/c++ - skipped
-- Detecting CXX compile features
-- Detecting CXX compile features - done
-- Found ament_cmake: 1.3.7 (/opt/ros/humble/share/ament_cmake/cmake)
-- Found Python3: /usr/bin/python3.10 (found version "3.10.12") found components: Interpreter 
-- Override CMake install command with custom implementation using symlinks instead of copying resources
-- Found ament_lint_auto: 0.12.10 (/opt/ros/humble/share/ament_lint_auto/cmake)
-- Added test 'cppcheck' to perform static code analysis on C / C++ code
-- Configured cppcheck include dirs: 
-- Configured cppcheck exclude dirs and/or files: 
-- Added test 'flake8' to check Python code syntax and style conventions
-- Added test 'lint_cmake' to check CMake code style
-- Added test 'pep257' to check Python code against some of the docstring style conventions in PEP 257
-- Added test 'uncrustify' to check C / C++ code style
-- Configured uncrustify additional arguments: 
-- Added test 'xmllint' to check XML markup files
-- Configuring done
-- Generating done
-- Build files have been written to: /home/gt/ros2_ws/src/manipulator/build/manipulator
-- Install configuration: ""
-- Execute custom install script
-- Symlinking: /home/gt/ros2_ws/src/manipulator/install/manipulator/share/manipulator/config/joints_controllers.yaml
-- Symlinking: /home/gt/ros2_ws/src/manipulator/install/manipulator/share/manipulator/launch/.vscode/c_cpp_properties.json
-- Symlinking: /home/gt/ros2_ws/src/manipulator/install/manipulator/share/manipulator/launch/.vscode/settings.json
-- Symlinking: /home/gt/ros2_ws/src/manipulator/install/manipulator/share/manipulator/launch/controller.launch.py
-- Symlinking: /home/gt/ros2_ws/src/manipulator/install/manipulator/share/manipulator/launch/launch_sim.launch.py
-- Symlinking: /home/gt/ros2_ws/src/manipulator/install/manipulator/share/manipulator/launch/rsp.launch.py
-- Symlinking: /home/gt/ros2_ws/src/manipulator/install/manipulator/share/manipulator/launch/slider_controller.launch.py
-- Symlinking: /home/gt/ros2_ws/src/manipulator/install/manipulator/share/manipulator/meshes/base_link.STL
-- Symlinking: /home/gt/ros2_ws/src/manipulator/install/manipulator/share/manipulator/meshes/link_1.STL
-- Symlinking: /home/gt/ros2_ws/src/manipulator/install/manipulator/share/manipulator/meshes/link_2.STL
-- Symlinking: /home/gt/ros2_ws/src/manipulator/install/manipulator/share/manipulator/urdf/Assem2.urdf
-- Symlinking: /home/gt/ros2_ws/src/manipulator/install/manipulator/share/manipulator/urdf/gazebo_control.xacro
-- Symlinking: /home/gt/ros2_ws/src/manipulator/install/manipulator/share/manipulator/urdf/robot.urdf.xacro
-- Symlinking: /home/gt/ros2_ws/src/manipulator/install/manipulator/share/manipulator/urdf/ros2_control.xacro
-- Symlinking: /home/gt/ros2_ws/src/manipulator/install/manipulator/share/manipulator/urdf/transmission.xacro
[31mCMake Error at ament_cmake_symlink_install/ament_cmake_symlink_install.cmake:100 (message):
  ament_cmake_symlink_install_directory() can't find
  '/home/gt/ros2_ws/src/manipulator/src'
Call Stack (most recent call first):
  ament_cmake_symlink_install/ament_cmake_symlink_install.cmake:314 (ament_cmake_symlink_install_directory)
  cmake_install.cmake:46 (include)

[0m
