[0.060s] Invoking command in '/home/gt/ros2_ws/src/manipulator/build/manipulator': CMAKE_PREFIX_PATH=${CMAKE_PREFIX_PATH}:/home/gt/ros2_ws/install/urdf_pub:/home/gt/ros2_ws/install/tm_sld:/home/gt/ros2_ws/install/my_urdf:/opt/ros/humble /usr/bin/cmake /home/gt/ros2_ws/src/manipulator -DAMENT_CMAKE_SYMLINK_INSTALL=1 -DCMAKE_INSTALL_PREFIX=/home/gt/ros2_ws/src/manipulator/install/manipulator
[0.133s] -- The C compiler identification is GNU 11.4.0
[0.199s] -- The CXX compiler identification is GNU 11.4.0
[0.206s] -- Detecting C compiler ABI info
[0.269s] -- Detecting C compiler ABI info - done
[0.274s] -- Check for working C compiler: /usr/bin/cc - skipped
[0.274s] -- Detecting C compile features
[0.275s] -- Detecting C compile features - done
[0.278s] -- Detecting CXX compiler ABI info
[0.348s] -- Detecting CXX compiler ABI info - done
[0.354s] -- Check for working CXX compiler: /usr/bin/c++ - skipped
[0.354s] -- Detecting CXX compile features
[0.355s] -- Detecting CXX compile features - done
[0.358s] -- Found ament_cmake: 1.3.7 (/opt/ros/humble/share/ament_cmake/cmake)
[0.505s] -- Found Python3: /usr/bin/python3.10 (found version "3.10.12") found components: Interpreter 
[0.556s] -- Override CMake install command with custom implementation using symlinks instead of copying resources
[0.584s] -- Found ament_lint_auto: 0.12.10 (/opt/ros/humble/share/ament_lint_auto/cmake)
[0.657s] -- Added test 'cppcheck' to perform static code analysis on C / C++ code
[0.657s] -- Configured cppcheck include dirs: 
[0.657s] -- Configured cppcheck exclude dirs and/or files: 
[0.658s] -- Added test 'flake8' to check Python code syntax and style conventions
[0.660s] -- Added test 'lint_cmake' to check CMake code style
[0.661s] -- Added test 'pep257' to check Python code against some of the docstring style conventions in PEP 257
[0.668s] -- Added test 'uncrustify' to check C / C++ code style
[0.668s] -- Configured uncrustify additional arguments: 
[0.669s] -- Added test 'xmllint' to check XML markup files
[0.670s] -- Configuring done
[0.673s] -- Generating done
[0.674s] -- Build files have been written to: /home/gt/ros2_ws/src/manipulator/build/manipulator
[0.678s] Invoked command in '/home/gt/ros2_ws/src/manipulator/build/manipulator' returned '0': CMAKE_PREFIX_PATH=${CMAKE_PREFIX_PATH}:/home/gt/ros2_ws/install/urdf_pub:/home/gt/ros2_ws/install/tm_sld:/home/gt/ros2_ws/install/my_urdf:/opt/ros/humble /usr/bin/cmake /home/gt/ros2_ws/src/manipulator -DAMENT_CMAKE_SYMLINK_INSTALL=1 -DCMAKE_INSTALL_PREFIX=/home/gt/ros2_ws/src/manipulator/install/manipulator
[0.680s] Invoking command in '/home/gt/ros2_ws/src/manipulator/build/manipulator': CMAKE_PREFIX_PATH=${CMAKE_PREFIX_PATH}:/home/gt/ros2_ws/install/urdf_pub:/home/gt/ros2_ws/install/tm_sld:/home/gt/ros2_ws/install/my_urdf:/opt/ros/humble /usr/bin/cmake --build /home/gt/ros2_ws/src/manipulator/build/manipulator -- -j16 -l16
[0.716s] Invoked command in '/home/gt/ros2_ws/src/manipulator/build/manipulator' returned '0': CMAKE_PREFIX_PATH=${CMAKE_PREFIX_PATH}:/home/gt/ros2_ws/install/urdf_pub:/home/gt/ros2_ws/install/tm_sld:/home/gt/ros2_ws/install/my_urdf:/opt/ros/humble /usr/bin/cmake --build /home/gt/ros2_ws/src/manipulator/build/manipulator -- -j16 -l16
[0.747s] Invoking command in '/home/gt/ros2_ws/src/manipulator/build/manipulator': CMAKE_PREFIX_PATH=${CMAKE_PREFIX_PATH}:/home/gt/ros2_ws/install/urdf_pub:/home/gt/ros2_ws/install/tm_sld:/home/gt/ros2_ws/install/my_urdf:/opt/ros/humble /usr/bin/cmake --install /home/gt/ros2_ws/src/manipulator/build/manipulator
[0.754s] -- Install configuration: ""
[0.754s] -- Execute custom install script
[0.754s] -- Symlinking: /home/gt/ros2_ws/src/manipulator/install/manipulator/share/manipulator/config/joints_controllers.yaml
[0.763s] -- Symlinking: /home/gt/ros2_ws/src/manipulator/install/manipulator/share/manipulator/launch/.vscode/c_cpp_properties.json
[0.771s] -- Symlinking: /home/gt/ros2_ws/src/manipulator/install/manipulator/share/manipulator/launch/.vscode/settings.json
[0.780s] -- Symlinking: /home/gt/ros2_ws/src/manipulator/install/manipulator/share/manipulator/launch/controller.launch.py
[0.788s] -- Symlinking: /home/gt/ros2_ws/src/manipulator/install/manipulator/share/manipulator/launch/launch_sim.launch.py
[0.796s] -- Symlinking: /home/gt/ros2_ws/src/manipulator/install/manipulator/share/manipulator/launch/rsp.launch.py
[0.804s] -- Symlinking: /home/gt/ros2_ws/src/manipulator/install/manipulator/share/manipulator/launch/slider_controller.launch.py
[0.813s] -- Symlinking: /home/gt/ros2_ws/src/manipulator/install/manipulator/share/manipulator/meshes/base_link.STL
[0.821s] -- Symlinking: /home/gt/ros2_ws/src/manipulator/install/manipulator/share/manipulator/meshes/link_1.STL
[0.830s] -- Symlinking: /home/gt/ros2_ws/src/manipulator/install/manipulator/share/manipulator/meshes/link_2.STL
[0.839s] -- Symlinking: /home/gt/ros2_ws/src/manipulator/install/manipulator/share/manipulator/urdf/Assem2.urdf
[0.848s] -- Symlinking: /home/gt/ros2_ws/src/manipulator/install/manipulator/share/manipulator/urdf/gazebo_control.xacro
[0.856s] -- Symlinking: /home/gt/ros2_ws/src/manipulator/install/manipulator/share/manipulator/urdf/robot.urdf.xacro
[0.865s] -- Symlinking: /home/gt/ros2_ws/src/manipulator/install/manipulator/share/manipulator/urdf/ros2_control.xacro
[0.873s] -- Symlinking: /home/gt/ros2_ws/src/manipulator/install/manipulator/share/manipulator/urdf/transmission.xacro
[0.881s] [31mCMake Error at ament_cmake_symlink_install/ament_cmake_symlink_install.cmake:100 (message):
[0.881s]   ament_cmake_symlink_install_directory() can't find
[0.881s]   '/home/gt/ros2_ws/src/manipulator/src'
[0.881s] Call Stack (most recent call first):
[0.881s]   ament_cmake_symlink_install/ament_cmake_symlink_install.cmake:314 (ament_cmake_symlink_install_directory)
[0.881s]   cmake_install.cmake:46 (include)
[0.881s] 
[0.881s] [0m
[0.883s] Invoked command in '/home/gt/ros2_ws/src/manipulator/build/manipulator' returned '1': CMAKE_PREFIX_PATH=${CMAKE_PREFIX_PATH}:/home/gt/ros2_ws/install/urdf_pub:/home/gt/ros2_ws/install/tm_sld:/home/gt/ros2_ws/install/my_urdf:/opt/ros/humble /usr/bin/cmake --install /home/gt/ros2_ws/src/manipulator/build/manipulator
